<?xml version="1.0" encoding="UTF-8"?>
<!-- Generated by org.testng.reporters.JUnitXMLReporter -->
<testsuite ignored="0" hostname="ATMECSINLT-286" failures="1" tests="1" name="Assesment Test" time="24.371" errors="0" timestamp="2023-01-31T00:21:46 GMT+05:30">
  <testcase classname="testCases.ValidateWorldPage" name="validateAndNavigateWorld" time="8.819">
    <failure type="java.lang.AssertionError" message="expected [true] but found [false]">
      <![CDATA[java.lang.AssertionError: expected [true] but found [false]
at testCases.ValidateWorldPage.validateAndNavigateWorld(ValidateWorldPage.java:43)
at java.base/java.util.ArrayList.forEach(ArrayList.java:1511)
... Removed 31 stack frames]]>
    </failure>
  </testcase> <!-- validateAndNavigateWorld -->
</testsuite> <!-- Assesment Test -->
