<?xml version="1.0" encoding="UTF-8"?>
<!-- Generated by org.testng.reporters.JUnitXMLReporter -->
<testsuite ignored="0" hostname="ATMECSINLT-286" failures="2" tests="2" name="Assesment Test" time="55.892" errors="0" timestamp="2023-01-31T17:52:06 GMT+05:30">
  <testcase classname="testCases.ValidateWorldPage" name="validateAndNavigateEuropePage" time="11.765">
    <failure type="org.openqa.selenium.ElementClickInterceptedException" message="element click intercepted: Element &amp;lt;a href=&amp;quot;/2023/01/30/europe/wagner-norway-andrei-medvedev-ukraine-intl&amp;quot; class=&amp;quot;container__link container_lead-plus-headlines-with-images__link&amp;quot;&amp;gt;...&amp;lt;/a&amp;gt; is not clickable at point (345, 76). Other element would receive the click: &amp;lt;div class=&amp;quot;ad-slot-header&amp;quot; data-uri=&amp;quot;cms.cnn.com/_components/ad-slot-header/instances/cnn-v1@published&amp;quot;&amp;gt;...&amp;lt;/div&amp;gt;
  (Session info: chrome=109.0.5414.120)
Build info: version: &amp;apos;4.8.0&amp;apos;, revision: &amp;apos;267030adea&amp;apos;
System info: os.name: &amp;apos;Windows 10&amp;apos;, os.arch: &amp;apos;amd64&amp;apos;, os.version: &amp;apos;10.0&amp;apos;, java.version: &amp;apos;15.0.1&amp;apos;
Driver info: org.openqa.selenium.chrome.ChromeDriver
Command: [26dd4851638031ab789d835d7f62fc14, clickElement {id=fd7267c6-4a2a-4b53-a5b2-7bef5163bade}]
Capabilities {acceptInsecureCerts: false, browserName: chrome, browserVersion: 109.0.5414.120, chrome: {chromedriverVersion: 109.0.5414.74 (e7c5703604da..., userDataDir: C:\Users\PRASAN~1.BUR\AppDa...}, goog:chromeOptions: {debuggerAddress: localhost:50944}, networkConnectionEnabled: false, pageLoadStrategy: normal, platformName: WINDOWS, proxy: Proxy(), se:cdp: ws://localhost:50944/devtoo..., se:cdpVersion: 109.0.5414.120, setWindowRect: true, strictFileInteractability: false, timeouts: {implicit: 0, pageLoad: 300000, script: 30000}, unhandledPromptBehavior: dismiss and notify, webauthn:extension:credBlob: true, webauthn:extension:largeBlob: true, webauthn:virtualAuthenticators: true}
Element: [[ChromeDriver: chrome on WINDOWS (26dd4851638031ab789d835d7f62fc14)] -&amp;gt; partial link text: Former Wagner commander describes brutality and incompetence on the frontline]
Session ID: 26dd4851638031ab789d835d7f62fc14">
      <![CDATA[org.openqa.selenium.ElementClickInterceptedException: element click intercepted: Element <a href="/2023/01/30/europe/wagner-norway-andrei-medvedev-ukraine-intl" class="container__link container_lead-plus-headlines-with-images__link">...</a> is not clickable at point (345, 76). Other element would receive the click: <div class="ad-slot-header" data-uri="cms.cnn.com/_components/ad-slot-header/instances/cnn-v1@published">...</div>
  (Session info: chrome=109.0.5414.120)
Build info: version: '4.8.0', revision: '267030adea'
System info: os.name: 'Windows 10', os.arch: 'amd64', os.version: '10.0', java.version: '15.0.1'
Driver info: org.openqa.selenium.chrome.ChromeDriver
Command: [26dd4851638031ab789d835d7f62fc14, clickElement {id=fd7267c6-4a2a-4b53-a5b2-7bef5163bade}]
Capabilities {acceptInsecureCerts: false, browserName: chrome, browserVersion: 109.0.5414.120, chrome: {chromedriverVersion: 109.0.5414.74 (e7c5703604da..., userDataDir: C:\Users\PRASAN~1.BUR\AppDa...}, goog:chromeOptions: {debuggerAddress: localhost:50944}, networkConnectionEnabled: false, pageLoadStrategy: normal, platformName: WINDOWS, proxy: Proxy(), se:cdp: ws://localhost:50944/devtoo..., se:cdpVersion: 109.0.5414.120, setWindowRect: true, strictFileInteractability: false, timeouts: {implicit: 0, pageLoad: 300000, script: 30000}, unhandledPromptBehavior: dismiss and notify, webauthn:extension:credBlob: true, webauthn:extension:largeBlob: true, webauthn:virtualAuthenticators: true}
Element: [[ChromeDriver: chrome on WINDOWS (26dd4851638031ab789d835d7f62fc14)] -> partial link text: Former Wagner commander describes brutality and incompetence on the frontline]
Session ID: 26dd4851638031ab789d835d7f62fc14
at org.openqa.selenium.remote.codec.w3c.W3CHttpResponseCodec.createException(W3CHttpResponseCodec.java:200)
at org.openqa.selenium.remote.codec.w3c.W3CHttpResponseCodec.decode(W3CHttpResponseCodec.java:133)
at org.openqa.selenium.remote.codec.w3c.W3CHttpResponseCodec.decode(W3CHttpResponseCodec.java:53)
at org.openqa.selenium.remote.HttpCommandExecutor.execute(HttpCommandExecutor.java:184)
at org.openqa.selenium.remote.service.DriverCommandExecutor.invokeExecute(DriverCommandExecutor.java:167)
at org.openqa.selenium.remote.service.DriverCommandExecutor.execute(DriverCommandExecutor.java:142)
at org.openqa.selenium.remote.RemoteWebDriver.execute(RemoteWebDriver.java:543)
at org.openqa.selenium.remote.RemoteWebElement.execute(RemoteWebElement.java:257)
at org.openqa.selenium.remote.RemoteWebElement.click(RemoteWebElement.java:78)
at pageObjects.WorldPage.clickOnLinks(WorldPage.java:127)
at pageObjects.WorldPage.getSectionLinkTextAndClick(WorldPage.java:113)
at testCases.ValidateWorldPage.validatingContentAndNavigation(ValidateWorldPage.java:70)
at testCases.ValidateWorldPage.validateAndNavigateEuropePage(ValidateWorldPage.java:60)
at java.base/java.util.concurrent.ThreadPoolExecutor.runWorker(ThreadPoolExecutor.java:1130)
at java.base/java.util.concurrent.ThreadPoolExecutor$Worker.run(ThreadPoolExecutor.java:630)
at java.base/java.lang.Thread.run(Thread.java:832)
... Removed 17 stack frames]]>
    </failure>
  </testcase> <!-- validateAndNavigateEuropePage -->
  <testcase classname="testCases.ValidateWorldPage" name="validateAndNavigateMiddleEastPage" time="12.957">
    <failure type="org.openqa.selenium.ElementClickInterceptedException" message="element click intercepted: Element &amp;lt;a href=&amp;quot;/2023/01/30/middleeast/iran-boxer-ashkan-morovati-protest-intl&amp;quot; class=&amp;quot;container__link container_lead-plus-headlines-with-images__link&amp;quot;&amp;gt;...&amp;lt;/a&amp;gt; is not clickable at point (345, 252). Other element would receive the click: &amp;lt;div class=&amp;quot;ad-slot-header&amp;quot; data-uri=&amp;quot;cms.cnn.com/_components/ad-slot-header/instances/cnn-v1@published&amp;quot;&amp;gt;...&amp;lt;/div&amp;gt;
  (Session info: chrome=109.0.5414.120)
Build info: version: &amp;apos;4.8.0&amp;apos;, revision: &amp;apos;267030adea&amp;apos;
System info: os.name: &amp;apos;Windows 10&amp;apos;, os.arch: &amp;apos;amd64&amp;apos;, os.version: &amp;apos;10.0&amp;apos;, java.version: &amp;apos;15.0.1&amp;apos;
Driver info: org.openqa.selenium.chrome.ChromeDriver
Command: [8f02e5dd7b253f3c2856272061e8d74c, clickElement {id=4e113f73-65c8-42bb-b215-0b3496739d58}]
Capabilities {acceptInsecureCerts: false, browserName: chrome, browserVersion: 109.0.5414.120, chrome: {chromedriverVersion: 109.0.5414.74 (e7c5703604da..., userDataDir: C:\Users\PRASAN~1.BUR\AppDa...}, goog:chromeOptions: {debuggerAddress: localhost:51251}, networkConnectionEnabled: false, pageLoadStrategy: normal, platformName: WINDOWS, proxy: Proxy(), se:cdp: ws://localhost:51251/devtoo..., se:cdpVersion: 109.0.5414.120, setWindowRect: true, strictFileInteractability: false, timeouts: {implicit: 0, pageLoad: 300000, script: 30000}, unhandledPromptBehavior: dismiss and notify, webauthn:extension:credBlob: true, webauthn:extension:largeBlob: true, webauthn:virtualAuthenticators: true}
Element: [[ChromeDriver: chrome on WINDOWS (8f02e5dd7b253f3c2856272061e8d74c)] -&amp;gt; partial link text: Courtesy Ashkan Morovati
The bare-chested boxer who became a hero to Iran&amp;apos;s protest movement]
Session ID: 8f02e5dd7b253f3c2856272061e8d74c">
      <![CDATA[org.openqa.selenium.ElementClickInterceptedException: element click intercepted: Element <a href="/2023/01/30/middleeast/iran-boxer-ashkan-morovati-protest-intl" class="container__link container_lead-plus-headlines-with-images__link">...</a> is not clickable at point (345, 252). Other element would receive the click: <div class="ad-slot-header" data-uri="cms.cnn.com/_components/ad-slot-header/instances/cnn-v1@published">...</div>
  (Session info: chrome=109.0.5414.120)
Build info: version: '4.8.0', revision: '267030adea'
System info: os.name: 'Windows 10', os.arch: 'amd64', os.version: '10.0', java.version: '15.0.1'
Driver info: org.openqa.selenium.chrome.ChromeDriver
Command: [8f02e5dd7b253f3c2856272061e8d74c, clickElement {id=4e113f73-65c8-42bb-b215-0b3496739d58}]
Capabilities {acceptInsecureCerts: false, browserName: chrome, browserVersion: 109.0.5414.120, chrome: {chromedriverVersion: 109.0.5414.74 (e7c5703604da..., userDataDir: C:\Users\PRASAN~1.BUR\AppDa...}, goog:chromeOptions: {debuggerAddress: localhost:51251}, networkConnectionEnabled: false, pageLoadStrategy: normal, platformName: WINDOWS, proxy: Proxy(), se:cdp: ws://localhost:51251/devtoo..., se:cdpVersion: 109.0.5414.120, setWindowRect: true, strictFileInteractability: false, timeouts: {implicit: 0, pageLoad: 300000, script: 30000}, unhandledPromptBehavior: dismiss and notify, webauthn:extension:credBlob: true, webauthn:extension:largeBlob: true, webauthn:virtualAuthenticators: true}
Element: [[ChromeDriver: chrome on WINDOWS (8f02e5dd7b253f3c2856272061e8d74c)] -> partial link text: Courtesy Ashkan Morovati
The bare-chested boxer who became a hero to Iran's protest movement]
Session ID: 8f02e5dd7b253f3c2856272061e8d74c
at org.openqa.selenium.remote.codec.w3c.W3CHttpResponseCodec.createException(W3CHttpResponseCodec.java:200)
at org.openqa.selenium.remote.codec.w3c.W3CHttpResponseCodec.decode(W3CHttpResponseCodec.java:133)
at org.openqa.selenium.remote.codec.w3c.W3CHttpResponseCodec.decode(W3CHttpResponseCodec.java:53)
at org.openqa.selenium.remote.HttpCommandExecutor.execute(HttpCommandExecutor.java:184)
at org.openqa.selenium.remote.service.DriverCommandExecutor.invokeExecute(DriverCommandExecutor.java:167)
at org.openqa.selenium.remote.service.DriverCommandExecutor.execute(DriverCommandExecutor.java:142)
at org.openqa.selenium.remote.RemoteWebDriver.execute(RemoteWebDriver.java:543)
at org.openqa.selenium.remote.RemoteWebElement.execute(RemoteWebElement.java:257)
at org.openqa.selenium.remote.RemoteWebElement.click(RemoteWebElement.java:78)
at pageObjects.WorldPage.clickOnLinks(WorldPage.java:127)
at pageObjects.WorldPage.getSectionLinkTextAndClick(WorldPage.java:113)
at testCases.ValidateWorldPage.validatingContentAndNavigation(ValidateWorldPage.java:70)
at testCases.ValidateWorldPage.validateAndNavigateMiddleEastPage(ValidateWorldPage.java:45)
at java.base/java.util.concurrent.ThreadPoolExecutor.runWorker(ThreadPoolExecutor.java:1130)
at java.base/java.util.concurrent.ThreadPoolExecutor$Worker.run(ThreadPoolExecutor.java:630)
at java.base/java.lang.Thread.run(Thread.java:832)
... Removed 17 stack frames]]>
    </failure>
  </testcase> <!-- validateAndNavigateMiddleEastPage -->
</testsuite> <!-- Assesment Test -->
